<?xml version="1.0" encoding="UTF-8"?>
<!-- Generated by org.testng.reporters.JUnitReportReporter -->
<testsuite hostname="DESKTOP-3M3FMOC" failures="0" tests="1" name="pageObjects.Indiatimes" time="26.059" errors="0" timestamp="2021-08-27T16:48:45 IST" skipped="0">
  <testcase classname="pageObjects.Indiatimes" name="footer" time="26.059"/>
  <system-out/>
</testsuite> <!-- pageObjects.Indiatimes -->
