<?xml version="1.0" encoding="UTF-8"?>
<!-- Generated by org.testng.reporters.JUnitReportReporter -->
<testsuite hostname="DESKTOP-3M3FMOC" failures="0" tests="1" name="FrameWork.Selenium.Indiatimes" time="26.169" errors="0" timestamp="2021-08-29T11:20:32 IST" skipped="0">
  <testcase classname="FrameWork.Selenium.Indiatimes" name="footer" time="26.169"/>
  <system-out/>
</testsuite> <!-- FrameWork.Selenium.Indiatimes -->
