<?xml version="1.0" encoding="UTF-8"?>
<!-- Generated by org.testng.reporters.JUnitReportReporter -->
<testsuite hostname="DESKTOP-3M3FMOC" failures="0" tests="1" name="FrameWork.Selenium.ValidateTitle" time="8.615" errors="0" timestamp="2021-08-29T11:17:56 IST" skipped="0">
  <testcase classname="FrameWork.Selenium.ValidateTitle" name="basePageNavigation" time="8.615"/>
  <system-out/>
</testsuite> <!-- FrameWork.Selenium.ValidateTitle -->
