<?xml version="1.0" encoding="UTF-8"?>
<!-- Generated by org.testng.reporters.JUnitReportReporter -->
<testsuite hostname="DESKTOP-3M3FMOC" failures="0" tests="2" name="FrameWork.Selenium.Homepage" time="20.248" errors="0" timestamp="23 Aug 2021 07:22:28 GMT" skipped="0">
  <testcase classname="FrameWork.Selenium.Homepage" name="basePageNavigation" time="12.009"/>
  <testcase classname="FrameWork.Selenium.Homepage" name="basePageNavigation" time="8.239"/>
</testsuite> <!-- FrameWork.Selenium.Homepage -->
