<?xml version="1.0" encoding="UTF-8"?>
<!-- Generated by org.testng.reporters.JUnitReportReporter -->
<testsuite hostname="DESKTOP-3M3FMOC" failures="0" tests="1" name="FrameWork.Selenium.Yahootest" time="32.663" errors="0" timestamp="26 Aug 2021 11:33:17 GMT" skipped="0">
  <testcase classname="FrameWork.Selenium.Yahootest" name="initialize" time="32.663"/>
</testsuite> <!-- FrameWork.Selenium.Yahootest -->
