<?xml version="1.0" encoding="UTF-8"?>
<!-- Generated by org.testng.reporters.JUnitReportReporter -->
<testsuite hostname="DESKTOP-3M3FMOC" failures="0" tests="2" name="FrameWork.Selenium.Qatechhub" time="77.489" errors="0" timestamp="2021-08-29T10:22:19 IST" skipped="0">
  <testcase classname="FrameWork.Selenium.Qatechhub" name="myntraMethod" time="61.052"/>
  <system-out/>
  <testcase classname="FrameWork.Selenium.Qatechhub" name="method" time="16.437"/>
  <system-out/>
</testsuite> <!-- FrameWork.Selenium.Qatechhub -->
